2026-07-18T02:20:15Z source commit 0b68a5be71c80d1cdc89d12e5c7cfe77b1eb831f

PASS cargo fmt --all -- --check
PASS git diff --check
PASS cargo test -p postfiat-types pfusdc_ --locked
     3 passed; 0 failed
PASS cargo test --manifest-path programs/pfusdc-ingress/Cargo.toml --lib --locked
     5 passed; 0 failed
PASS cargo test -p postfiat-execution vault_bridge_sp1_bridge_deposit_requires_source_proof_commitments --locked
     1 passed; 0 failed
PASS cargo check -p postfiat-node --all-targets --locked
PASS cargo check --manifest-path tools/pfusdc-tier4-prover/Cargo.toml --locked
PASS forge test --match-contract PFUSDCTier4Test
     10 passed; 0 failed

Finalized Ethereum mainnet sample:
block=0x185f602
block_hash=0x0e467b206c703606e4cf997bc6d6eefdea82e4978c3201eaa38c79235e91fa58
state_root=0xe325d748f1c169e95486d1ad7f40147db2be6ca06ad8a8b34e3749255ff2e7ec
rollup=0x4DCeB440657f21083db8aDd07665f8ddBe1DCfc0
slot=0x74
proof_value=0x4600e89aa0c7631ec752b88a3ad8fe503749393781696c902b5b5e119156f9fc
latestConfirmed=0x4600e89aa0c7631ec752b88a3ad8fe503749393781696c902b5b5e119156f9fc
code_hash=0x5961c8c303762fe3bdc69d0df28db034e475e46ef4e3582c632eaaa51314ce29

Finalized Ethereum Sepolia sample:
block=0xac5bfd
block_hash=0x9e0a6907ea29e241c4cf4b2f322ff451b5f982dc37da42ee3137789112da92c8
state_root=0x90f21909eaa4b5ab55469714c5ceb143fae096e608b69bdf6efc584b9bcd3082
rollup=0x042B2E6C5E99d4c521bd49beeD5E99651D9B0Cf4
slot=0x74
proof_value=0xe510c660e5c0763b6933460679b2a4e7c96274cd1c197db58daed817b48f607d
latestConfirmed=0xe510c660e5c0763b6933460679b2a4e7c96274cd1c197db58daed817b48f607d
code_hash=0x5961c8c303762fe3bdc69d0df28db034e475e46ef4e3582c632eaaa51314ce29
