[2m2026-07-19T01:53:22.662179Z[0m [32m INFO[0m initializing cuda prover
Running sp1-gpu-server 6.3.1 with device 0
[2m2026-07-19T01:53:23.028595Z[0m [32m INFO[0m [2msp1_gpu_server::server[0m[2m:[0m Server listening @ /tmp/sp1-cuda-0.sock
[2m2026-07-19T01:53:23.032484Z[0m [32m INFO[0m [2msp1_gpu_server::server[0m[2m:[0m Connection accepted
[2m2026-07-19T01:53:34.039962Z[0m [32m INFO[0m public_value_stream: [80, 70, 84, 76, 45, 80, 70, 85, 83, 68, 67, 45, 84, 73, 69, 82, 52, 0, 0, 0, 39, 112, 111, 115, 116, 102, 105, 97, 116, 46, 112, 102, 117, 115, 100, 99, 46, 101, 103, 114, 101, 115, 115, 95, 112, 117, 98, 108, 105, 99, 95, 118, 97, 108, 117, 101, 115, 46, 118, 49, 0, 1, 0, 0, 0, 39, 112, 111, 115, 116, 102, 105, 97, 116, 46, 112, 102, 117, 115, 100, 99, 46, 101, 103, 114, 101, 115, 115, 95, 112, 117, 98, 108, 105, 99, 95, 118, 97, 108, 117, 101, 115, 46, 118, 49, 0, 2, 0, 0, 0, 4, 0, 0, 0, 1, 0, 3, 0, 0, 0, 21, 112, 111, 115, 116, 102, 105, 97, 116, 45, 119, 97, 110, 45, 100, 101, 118, 110, 101, 116, 45, 50, 0, 4, 0, 0, 0, 48, 206, 34, 202, 140, 147, 45, 160, 153, 139, 72, 68, 131, 160, 150, 71, 19, 138, 48, 224, 191, 68, 64, 141, 212, 154, 141, 109, 69, 39, 135, 173, 37, 82, 26, 255, 62, 211, 52, 218, 7, 225, 80, 167, 35, 58, 62, 144, 169, 0, 5, 0, 0, 0, 4, 0, 0, 0, 1, 0, 6, 0, 0, 0, 48, 123, 147, 5, 60, 42, 26, 38, 185, 24, 195, 189, 44, 212, 115, 125, 30, 0, 243, 245, 207, 15, 140, 184, 251, 169, 175, 241, 161, 18, 110, 172, 16, 81, 104, 129, 180, 162, 187, 21, 50, 0, 249, 192, 143, 232, 193, 181, 239, 0, 7, 0, 0, 0, 8, 0, 0, 0, 0, 0, 0, 0, 1, 0, 8, 0, 0, 0, 48, 185, 195, 227, 140, 82, 60, 194, 88, 223, 190, 16, 107, 69, 224, 0, 21, 93, 216, 240, 193, 147, 119, 13, 77, 144, 95, 139, 7, 119, 249, 22, 18, 81, 159, 201, 100, 172, 137, 4, 131, 184, 68, 194, 239, 123, 111, 220, 232, 0, 9, 0, 0, 0, 48, 112, 108, 219, 67, 205, 248, 20, 182, 144, 136, 123, 75, 197, 140, 194, 16, 168, 100, 39, 5, 9, 31, 75, 146, 108, 220, 232, 169, 224, 162, 120, 98, 115, 199, 118, 141, 146, 24, 72, 153, 248, 136, 170, 231, 156, 158, 119, 228, 0, 10, 0, 0, 0, 8, 0, 0, 0, 0, 0, 0, 0, 1, 0, 11, 0, 0, 0, 48, 168, 77, 75, 76, 173, 201, 192, 104, 213, 198, 104, 224, 64, 239, 233, 186, 48, 60, 89, 86, 11, 251, 76, 49, 92, 91, 35, 170, 35, 91, 138, 106, 39, 159, 56, 134, 209, 53, 40, 16, 224, 184, 56, 34, 169, 15, 197, 208, 0, 12, 0, 0, 0, 0, 0, 13, 0, 0, 0, 8, 0, 0, 0, 0, 0, 0, 0, 27, 0, 14, 0, 0, 0, 8, 0, 0, 0, 0, 0, 0, 0, 0, 0, 15, 0, 0, 0, 48, 112, 108, 219, 67, 205, 248, 20, 182, 144, 136, 123, 75, 197, 140, 194, 16, 168, 100, 39, 5, 9, 31, 75, 146, 108, 220, 232, 169, 224, 162, 120, 98, 115, 199, 118, 141, 146, 24, 72, 153, 248, 136, 170, 231, 156, 158, 119, 228, 0, 16, 0, 0, 0, 48, 254, 134, 72, 177, 21, 86, 134, 243, 50, 105, 248, 47, 141, 10, 230, 176, 215, 163, 81, 33, 233, 190, 215, 56, 183, 200, 241, 134, 92, 114, 73, 119, 150, 212, 138, 174, 174, 26, 64, 145, 19, 216, 224, 202, 103, 246, 33, 45, 0, 17, 0, 0, 0, 48, 85, 192, 217, 133, 63, 174, 109, 184, 60, 87, 90, 139, 199, 113, 248, 218, 31, 58, 130, 161, 106, 205, 66, 210, 222, 167, 126, 75, 147, 157, 37, 215, 43, 207, 198, 126, 92, 236, 252, 181, 226, 108, 135, 81, 72, 115, 150, 52, 0, 18, 0, 0, 0, 48, 252, 61, 83, 107, 80, 29, 45, 226, 1, 137, 51, 12, 6, 46, 3, 67, 241, 76, 225, 140, 129, 105, 35, 157, 213, 166, 0, 193, 176, 199, 146, 137, 40, 69, 208, 2, 136, 57, 8, 179, 147, 67, 82, 135, 73, 203, 230, 152, 0, 19, 0, 0, 0, 8, 0, 0, 0, 0, 0, 0, 0, 0, 0, 20, 0, 0, 0, 48, 252, 61, 83, 107, 80, 29, 45, 226, 1, 137, 51, 12, 6, 46, 3, 67, 241, 76, 225, 140, 129, 105, 35, 157, 213, 166, 0, 193, 176, 199, 146, 137, 40, 69, 208, 2, 136, 57, 8, 179, 147, 67, 82, 135, 73, 203, 230, 152, 0, 21, 0, 0, 0, 48, 130, 222, 240, 65, 122, 169, 86, 224, 39, 144, 113, 6, 129, 49, 136, 73, 194, 93, 165, 185, 117, 171, 144, 26, 110, 24, 44, 215, 99, 201, 232, 4, 165, 191, 148, 205, 250, 232, 85, 220, 225, 216, 205, 134, 239, 252, 230, 10, 0, 22, 0, 0, 0, 8, 97, 99, 99, 101, 112, 116, 101, 100, 0, 23, 0, 0, 0, 48, 2, 196, 106, 54, 235, 13, 163, 81, 107, 77, 138, 255, 234, 143, 64, 40, 173, 63, 54, 130, 90, 62, 143, 14, 0, 158, 169, 219, 187, 207, 179, 194, 51, 246, 131, 11, 213, 34, 31, 226, 113, 127, 182, 161, 167, 0, 93, 123, 0, 24, 0, 0, 0, 48, 130, 222, 240, 65, 122, 169, 86, 224, 39, 144, 113, 6, 129, 49, 136, 73, 194, 93, 165, 185, 117, 171, 144, 26, 110, 24, 44, 215, 99, 201, 232, 4, 165, 191, 148, 205, 250, 232, 85, 220, 225, 216, 205, 134, 239, 252, 230, 10, 0, 25, 0, 0, 0, 48, 131, 231, 200, 170, 247, 110, 136, 156, 169, 11, 85, 65, 225, 57, 255, 132, 190, 204, 16, 200, 181, 6, 67, 82, 107, 12, 181, 234, 204, 155, 49, 90, 242, 189, 224, 180, 182, 147, 249, 161, 71, 10, 46, 155, 84, 22, 94, 61, 0, 26, 0, 0, 0, 48, 108, 255, 202, 191, 206, 51, 24, 64, 118, 195, 1, 246, 87, 216, 1, 183, 18, 106, 235, 200, 212, 130, 189, 108, 109, 147, 169, 184, 110, 76, 217, 228, 0, 219, 210, 156, 227, 204, 218, 110, 10, 91, 7, 133, 42, 65, 127, 241, 0, 27, 0, 0, 0, 8, 0, 0, 0, 0, 0, 15, 66, 64, 0, 28, 0, 0, 0, 20, 20, 85, 189, 127, 191, 191, 146, 161, 113, 239, 54, 2, 94, 19, 149, 158, 59, 10, 216, 192, 0, 29, 0, 0, 0, 48, 123, 76, 64, 114, 8, 12, 149, 58, 86, 162, 255, 148, 175, 218, 150, 130, 163, 49, 189, 79, 141, 8, 94, 31, 29, 53, 246, 137, 38, 116, 95, 54, 101, 96, 178, 66, 205, 109, 224, 90, 153, 89, 177, 204, 178, 233, 91, 56, 0, 30, 0, 0, 0, 48, 75, 0, 99, 180, 212, 51, 48, 181, 226, 153, 141, 61, 43, 237, 81, 202, 224, 224, 26, 80, 216, 190, 168, 3, 231, 58, 95, 185, 245, 156, 136, 31, 157, 222, 122, 235, 246, 48, 19, 181, 146, 55, 77, 74, 184, 10, 136, 9, 0, 31, 0, 0, 0, 8, 0, 0, 0, 0, 0, 0, 0, 27, 0, 32, 0, 0, 0, 8, 0, 0, 0, 0, 0, 6, 110, 238, 0, 33, 0, 0, 0, 20, 41, 131, 87, 158, 140, 96, 177, 225, 255, 6, 179, 189, 197, 152, 5, 255, 176, 212, 249, 21, 0, 34, 0, 0, 0, 32, 149, 82, 171, 123, 155, 44, 81, 90, 198, 179, 128, 96, 254, 8, 25, 125, 128, 126, 172, 86, 194, 30, 167, 157, 183, 226, 96, 99, 125, 60, 115, 135, 0, 35, 0, 0, 0, 20, 117, 250, 241, 20, 234, 251, 27, 219, 226, 240, 49, 109, 248, 147, 253, 88, 206, 70, 170, 77, 0, 36, 0, 0, 0, 32, 154, 115, 106, 246, 170, 194, 144, 217, 25, 104, 131, 232, 104, 111, 193, 209, 39, 255, 101, 124, 165, 52, 254, 75, 136, 214, 212, 13, 192, 188, 103, 80, 0, 37, 0, 0, 0, 32, 251, 209, 189, 28, 8, 82, 10, 33, 15, 96, 138, 224, 213, 81, 89, 113, 100, 134, 254, 151, 32, 222, 108, 41, 113, 8, 231, 117, 122, 103, 174, 96, 0, 38, 0, 0, 0, 48, 167, 14, 108, 14, 104, 217, 16, 176, 235, 128, 49, 83, 231, 157, 160, 195, 235, 14, 174, 38, 112, 63, 173, 151, 12, 117, 78, 122, 194, 110, 61, 234, 115, 219, 150, 100, 213, 122, 217, 89, 115, 103, 30, 64, 200, 109, 49, 40, 0, 39, 0, 0, 0, 32, 34, 213, 48, 140, 140, 102, 91, 248, 199, 240, 109, 33, 192, 201, 177, 139, 233, 202, 141, 244, 17, 171, 191, 2, 197, 32, 109, 137, 153, 175, 234, 180]
[2m2026-07-19T01:53:39.737507Z[0m [32m INFO[0m [1mexecute_program[0m: close [3mtime.busy[0m[2m=[0m34.1ms [3mtime.idle[0m[2m=[0m16.7s
egress witness executed: 1050064162 cycles in 16705 ms
[2m2026-07-19T01:53:45.657546Z[0m [32m INFO[0m [2msp1_gpu_server::server[0m[2m:[0m Running setup
[2m2026-07-19T01:53:45.920405Z[0m [32m INFO[0m starting proof generation [3mmode[0m[2m=[0mGroth16
[2m2026-07-19T01:53:45.927810Z[0m [32m INFO[0m [2msp1_gpu_server::server[0m[2m:[0m Proving with mode: Groth16
[2m2026-07-19T01:55:25.086246Z[0m [32m INFO[0m [2msp1_prover::build[0m[2m:[0m [sp1] groth16 circuit artifacts already seem to exist at /root/.sp1/circuits/groth16/v6.1.0. if you want to re-download them, delete the directory
Setting environment variables took 20.531µs
Reading R1CS took 9.299045939s
Reading proving key took 1.328841372s
Reading witness file took 250.826µs
Deserializing JSON data took 10.889414ms
Generating witness took 173.904114ms
[90m01:55:38[0m DBG constraint system solver done [36mnbConstraints=[0m15972262 [36mtook=[0m2845.42436
[90m01:55:41[0m DBG prover done [36macceleration=[0mnone [36mbackend=[0mgroth16 [36mcurve=[0mbn254 [36mnbConstraints=[0m15972262 [36mtook=[0m2933.147695
Generating proof took 5.77887526s
[90m01:55:41[0m [33mWRN[0m [1mignoring uninitialized slice[0m [36mslice name=[0mVars [36mslice type=[0m[]frontend.Variable
[90m01:55:41[0m [33mWRN[0m [1mignoring uninitialized slice[0m [36mslice name=[0mVars [36mslice type=[0m[]frontend.Variable
[90m01:55:41[0m [33mWRN[0m [1mignoring uninitialized slice[0m [36mslice name=[0mVars [36mslice type=[0m[]frontend.Variable
[90m01:55:41[0m DBG verifier done [36mbackend=[0mgroth16 [36mcurve=[0mbn254 [36mtook=[0m0.420751
verified Groth16 proof; vkey 0x008b69a0676137455435bbe635752c1a60c29710a4f9160666ea52a0240d1f10
[2m2026-07-19T01:55:41.899361Z[0m [32m INFO[0m [2msp1_gpu_server::server[0m[2m:[0m Destroying key
	Command being timed: "env SP1_PROVER=cuda CUDA_VISIBLE_DEVICES=0 RUST_LOG=info tools/pfusdc-tier4-prover/target/release/pfusdc-tier4-prover egress --witness benchmark-inputs/archived-26-block-witness.json --output-dir benchmark-results/mldsa-ntt-20260718/formatted-final-cuda-proof --prove"
	User time (seconds): 23.11
	System time (seconds): 0.90
	Percent of CPU this job got: 17%
	Elapsed (wall clock) time (h:mm:ss or m:ss): 2:19.58
	Average shared text size (kbytes): 0
	Average unshared data size (kbytes): 0
	Average stack size (kbytes): 0
	Average total size (kbytes): 0
	Maximum resident set size (kbytes): 4041932
	Average resident set size (kbytes): 0
	Major (requiring I/O) page faults: 0
	Minor (reclaiming a frame) page faults: 1021429
	Voluntary context switches: 1577
	Involuntary context switches: 122
	Swaps: 0
	File system inputs: 0
	File system outputs: 72
	Socket messages sent: 0
	Socket messages received: 0
	Signals delivered: 0
	Page size (bytes): 4096
	Exit status: 0
