egress witness executed: 1424788289 cycles in 20914 ms
	Command being timed: "tools/pfusdc-tier4-prover/target/release/pfusdc-tier4-prover egress --witness benchmark-inputs/archived-26-block-witness.json --output-dir benchmark-results/mldsa-ntt-20260718/hash-reference"
	User time (seconds): 250.43
	System time (seconds): 4.67
	Percent of CPU this job got: 920%
	Elapsed (wall clock) time (h:mm:ss or m:ss): 0:27.72
	Average shared text size (kbytes): 0
	Average unshared data size (kbytes): 0
	Average stack size (kbytes): 0
	Average total size (kbytes): 0
	Maximum resident set size (kbytes): 11160140
	Average resident set size (kbytes): 0
	Major (requiring I/O) page faults: 0
	Minor (reclaiming a frame) page faults: 4020028
	Voluntary context switches: 28520
	Involuntary context switches: 13622
	Swaps: 0
	File system inputs: 0
	File system outputs: 32
	Socket messages sent: 0
	Socket messages received: 0
	Signals delivered: 0
	Page size (bytes): 4096
	Exit status: 0
